Line 588: Class MSAdodcLib.Adodc of control Adodc1 was not a loaded control class.
Line 593: The property name _ExtentX in Adodc1 is invalid.
Line 594: The property name _ExtentY in Adodc1 is invalid.
Line 595: The property name ConnectMode in Adodc1 is invalid.
Line 596: The property name CursorLocation in Adodc1 is invalid.
Line 597: The property name IsolationLevel in Adodc1 is invalid.
Line 598: The property name ConnectionTimeout in Adodc1 is invalid.
Line 599: The property name CommandTimeout in Adodc1 is invalid.
Line 600: The property name CursorType in Adodc1 is invalid.
Line 601: The property name LockType in Adodc1 is invalid.
Line 602: The property name CommandType in Adodc1 is invalid.
Line 603: The property name CursorOptions in Adodc1 is invalid.
Line 604: The property name CacheSize in Adodc1 is invalid.
Line 605: The property name MaxRecords in Adodc1 is invalid.
Line 606: The property name BOFAction in Adodc1 is invalid.
Line 607: The property name EOFAction in Adodc1 is invalid.
Line 608: The property name ConnectStringType in Adodc1 is invalid.
Line 612: The property name Orientation in Adodc1 is invalid.
Line 614: The property name Connect in Adodc1 is invalid.
Line 615: The property name OLEDBString in Adodc1 is invalid.
Line 616: The property name OLEDBFile in Adodc1 is invalid.
Line 617: The property name DataSourceName in Adodc1 is invalid.
Line 618: The property name OtherAttributes in Adodc1 is invalid.
Line 619: The property name UserName in Adodc1 is invalid.
Line 620: The property name Password in Adodc1 is invalid.
Line 621: The property name RecordSource in Adodc1 is invalid.
Line 622: The property name Caption in Adodc1 is invalid.
Line 632: The property name _Version in Adodc1 is invalid.
